Exception at PC 0x00007FFD84363B29
Exception at PC 0x00007FFD84363B29
Unable to capture context for thread 2596 in process 11004, can not generate back trace
Exception at PC 0x00007FFD84363B29
Unable to capture context for thread 768 in process 11004, can not generate back trace
Exception at PC 0x00007FFD0B14BB93
Printing stacktrace...

Unable to capture context for thread 768 in process 11004, can not generate back trace
Exception at PC 0x00007FFD84363B29
Exception at PC 0x00007FFD84363B29
Exception at PC 0x00007FFD84363B29
Exception at PC 0x00007FFD84363B29
Exception at PC 0x00007FFD84363B29
Exception at PC 0x00007FFD84363B29
Exception at PC 0x00007FFD84363B29
Exception at PC 0x00007FFD84363B29
Exception at PC 0x00007FFD84363B29
Exception at PC 0x00007FFD84363B29
Exception at PC 0x00007FFD84363B29
[0]  [0x00007FFD0B14BB93]
[1]  [0x00007FFD0B14BB93]
[2]  [0x00007FFD0B14B4A1]
[3]  [0x00007FFD0B14B3EF]
[4]  [0x00007FFD0B1319FE]
[5]  [0x00007FFD0B130ED1]
[6]  [0x00007FFD0B130D76]
[7]  [0x00007FFD0B0D79F6]
[8]  [0x00007FFD0B0C7AFB]
[9]  [0x00007FFD0B1EE90A]
[10]  [0x00007FFD0B209F87]
[11]  [0x00007FFD0B20A05F]
[12] (BaseThreadInitThunk+0x14) [0x00007FFD86817C24]
[13] (RtlUserThreadStart+0x21) [0x00007FFD871AD4D1]
Done
Exception at PC 0x00007FFD84363B29
Exception at PC 0x00007FFD84363B29
Exception at PC 0x00007FFD84363B29
